2023-01-02 09:03:54.477  INFO 14644 --- [restartedMain] o.s.nativex.NativeListener               : AOT mode disabled
2023-01-02 09:03:54.557  INFO 14644 --- [restartedMain] com.example.demoIsr.DemoIsrApplication   : Starting DemoIsrApplication using Java 17.0.5 on RYZEN5600G-1 with PID 14644 (C:\Users\Propietario\Desktop\demoIsr\target\classes started by Propietario in C:\Users\Propietario\Desktop\demoIsr)
2023-01-02 09:03:54.558  INFO 14644 --- [restartedMain] com.example.demoIsr.DemoIsrApplication   : No active profile set, falling back to 1 default profile: "default"
2023-01-02 09:03:54.613  INFO 14644 --- [restartedMain] .e.DevToolsPropertyDefaultsPostProcessor : Devtools property defaults active! Set 'spring.devtools.add-properties' to 'false' to disable
2023-01-02 09:03:54.613  INFO 14644 --- [restartedMain] .e.DevToolsPropertyDefaultsPostProcessor : For additional web related logging consider setting the 'logging.level.web' property to 'DEBUG'
2023-01-02 09:03:55.319  INFO 14644 --- [restartedMain] .s.d.r.c.RepositoryConfigurationDelegate : Bootstrapping Spring Data JPA repositories in DEFAULT mode.
2023-01-02 09:03:55.445  INFO 14644 --- [restartedMain] .s.d.r.c.RepositoryConfigurationDelegate : Finished Spring Data repository scanning in 117 ms. Found 1 JPA repository interfaces.
2023-01-02 09:03:56.038  INFO 14644 --- [restartedMain] o.s.b.w.embedded.tomcat.TomcatWebServer  : Tomcat initialized with port(s): 8081 (http)
2023-01-02 09:03:56.049  INFO 14644 --- [restartedMain] o.apache.catalina.core.StandardService   : Starting service [Tomcat]
2023-01-02 09:03:56.049  INFO 14644 --- [restartedMain] org.apache.catalina.core.StandardEngine  : Starting Servlet engine: [Apache Tomcat/9.0.70]
2023-01-02 09:03:56.116  INFO 14644 --- [restartedMain] o.a.c.c.C.[Tomcat].[localhost].[/]       : Initializing Spring embedded WebApplicationContext
2023-01-02 09:03:56.117  INFO 14644 --- [restartedMain] w.s.c.ServletWebServerApplicationContext : Root WebApplicationContext: initialization completed in 1503 ms
2023-01-02 09:03:56.365  INFO 14644 --- [restartedMain] o.hibernate.jpa.internal.util.LogHelper  : HHH000204: Processing PersistenceUnitInfo [name: default]
2023-01-02 09:03:56.420  INFO 14644 --- [restartedMain] org.hibernate.Version                    : HHH000412: Hibernate ORM core version 5.6.14.Final
2023-01-02 09:03:56.556  INFO 14644 --- [restartedMain] o.hibernate.annotations.common.Version   : HCANN000001: Hibernate Commons Annotations {5.1.2.Final}
2023-01-02 09:03:56.648  INFO 14644 --- [restartedMain] com.zaxxer.hikari.HikariDataSource       : HikariPool-1 - Starting...
2023-01-02 09:03:56.887  INFO 14644 --- [restartedMain] com.zaxxer.hikari.HikariDataSource       : HikariPool-1 - Start completed.
2023-01-02 09:03:56.909  INFO 14644 --- [restartedMain] org.hibernate.dialect.Dialect            : HHH000400: Using dialect: org.hibernate.dialect.MySQL8Dialect
2023-01-02 09:03:57.325  INFO 14644 --- [restartedMain] o.h.e.t.j.p.i.JtaPlatformInitiator       : HHH000490: Using JtaPlatform implementation: [org.hibernate.engine.transaction.jta.platform.internal.NoJtaPlatform]
2023-01-02 09:03:57.343  INFO 14644 --- [restartedMain] j.LocalContainerEntityManagerFactoryBean : Initialized JPA EntityManagerFactory for persistence unit 'default'
2023-01-02 09:03:57.646  WARN 14644 --- [restartedMain] JpaBaseConfiguration$JpaWebConfiguration : spring.jpa.open-in-view is enabled by default. Therefore, database queries may be performed during view rendering. Explicitly configure spring.jpa.open-in-view to disable this warning
2023-01-02 09:03:57.953  INFO 14644 --- [restartedMain] o.s.b.d.a.OptionalLiveReloadServer       : LiveReload server is running on port 35729
2023-01-02 09:03:57.959  INFO 14644 --- [restartedMain] o.s.b.a.e.web.EndpointLinksResolver      : Exposing 1 endpoint(s) beneath base path '/actuator'
2023-01-02 09:03:57.995  INFO 14644 --- [restartedMain] o.s.b.w.embedded.tomcat.TomcatWebServer  : Tomcat started on port(s): 8081 (http) with context path ''
2023-01-02 09:03:58.006  INFO 14644 --- [restartedMain] com.example.demoIsr.DemoIsrApplication   : Started DemoIsrApplication in 3.791 seconds (JVM running for 4.198)
2023-01-02 09:13:29.402  INFO 14644 --- [http-nio-8081-exec-2] o.a.c.c.C.[Tomcat].[localhost].[/]       : Initializing Spring DispatcherServlet 'dispatcherServlet'
2023-01-02 09:13:29.418  INFO 14644 --- [http-nio-8081-exec-2] o.s.web.servlet.DispatcherServlet        : Initializing Servlet 'dispatcherServlet'
2023-01-02 09:13:29.418  INFO 14644 --- [http-nio-8081-exec-2] o.s.web.servlet.DispatcherServlet        : Completed initialization in 0 ms
2023-01-02 10:34:36.126  INFO 14644 --- [File Watcher] rtingClassPathChangeChangedEventListener : Restarting due to 1 class path change (0 additions, 0 deletions, 1 modification)
2023-01-02 10:34:36.137  INFO 14644 --- [Thread-5] o.apache.catalina.core.StandardService   : Stopping service [Tomcat]
2023-01-02 10:34:36.139  INFO 14644 --- [Thread-5] o.a.c.c.C.[Tomcat].[localhost].[/]       : Destroying Spring FrameworkServlet 'dispatcherServlet'
2023-01-02 10:34:36.163  INFO 14644 --- [Thread-5] j.LocalContainerEntityManagerFactoryBean : Closing JPA EntityManagerFactory for persistence unit 'default'
2023-01-02 10:34:36.169  INFO 14644 --- [Thread-5] com.zaxxer.hikari.HikariDataSource       : HikariPool-1 - Shutdown initiated...
2023-01-02 10:34:36.176  INFO 14644 --- [Thread-5] com.zaxxer.hikari.HikariDataSource       : HikariPool-1 - Shutdown completed.
2023-01-02 10:34:36.250  INFO 14644 --- [restartedMain] o.s.nativex.NativeListener               : AOT mode disabled
2023-01-02 10:34:36.254  INFO 14644 --- [restartedMain] com.example.demoIsr.DemoIsrApplication   : Starting DemoIsrApplication using Java 17.0.5 on RYZEN5600G-1 with PID 14644 (C:\Users\Propietario\Desktop\demoIsr\target\classes started by Propietario in C:\Users\Propietario\Desktop\demoIsr)
2023-01-02 10:34:36.255  INFO 14644 --- [restartedMain] com.example.demoIsr.DemoIsrApplication   : No active profile set, falling back to 1 default profile: "default"
2023-01-02 10:34:36.473  INFO 14644 --- [restartedMain] .s.d.r.c.RepositoryConfigurationDelegate : Bootstrapping Spring Data JPA repositories in DEFAULT mode.
2023-01-02 10:34:36.482  INFO 14644 --- [restartedMain] .s.d.r.c.RepositoryConfigurationDelegate : Finished Spring Data repository scanning in 8 ms. Found 1 JPA repository interfaces.
2023-01-02 10:34:36.555  INFO 14644 --- [restartedMain] o.s.b.w.embedded.tomcat.TomcatWebServer  : Tomcat initialized with port(s): 8081 (http)
2023-01-02 10:34:36.555  INFO 14644 --- [restartedMain] o.apache.catalina.core.StandardService   : Starting service [Tomcat]
2023-01-02 10:34:36.561  INFO 14644 --- [restartedMain] org.apache.catalina.core.StandardEngine  : Starting Servlet engine: [Apache Tomcat/9.0.70]
2023-01-02 10:34:36.591  INFO 14644 --- [restartedMain] o.a.c.c.C.[Tomcat].[localhost].[/]       : Initializing Spring embedded WebApplicationContext
2023-01-02 10:34:36.591  INFO 14644 --- [restartedMain] w.s.c.ServletWebServerApplicationContext : Root WebApplicationContext: initialization completed in 333 ms
2023-01-02 10:34:36.653  INFO 14644 --- [restartedMain] o.hibernate.jpa.internal.util.LogHelper  : HHH000204: Processing PersistenceUnitInfo [name: default]
2023-01-02 10:34:36.659  INFO 14644 --- [restartedMain] com.zaxxer.hikari.HikariDataSource       : HikariPool-2 - Starting...
2023-01-02 10:34:36.671  INFO 14644 --- [restartedMain] com.zaxxer.hikari.HikariDataSource       : HikariPool-2 - Start completed.
2023-01-02 10:34:36.671  INFO 14644 --- [restartedMain] org.hibernate.dialect.Dialect            : HHH000400: Using dialect: org.hibernate.dialect.MySQL8Dialect
2023-01-02 10:34:36.724  INFO 14644 --- [restartedMain] o.h.e.t.j.p.i.JtaPlatformInitiator       : HHH000490: Using JtaPlatform implementation: [org.hibernate.engine.transaction.jta.platform.internal.NoJtaPlatform]
2023-01-02 10:34:36.725  INFO 14644 --- [restartedMain] j.LocalContainerEntityManagerFactoryBean : Initialized JPA EntityManagerFactory for persistence unit 'default'
2023-01-02 10:34:36.805  WARN 14644 --- [restartedMain] JpaBaseConfiguration$JpaWebConfiguration : spring.jpa.open-in-view is enabled by default. Therefore, database queries may be performed during view rendering. Explicitly configure spring.jpa.open-in-view to disable this warning
2023-01-02 10:34:36.915  INFO 14644 --- [restartedMain] o.s.b.d.a.OptionalLiveReloadServer       : LiveReload server is running on port 35729
2023-01-02 10:34:36.945  INFO 14644 --- [restartedMain] o.s.b.a.e.web.EndpointLinksResolver      : Exposing 1 endpoint(s) beneath base path '/actuator'
2023-01-02 10:34:36.963  INFO 14644 --- [restartedMain] o.s.b.w.embedded.tomcat.TomcatWebServer  : Tomcat started on port(s): 8081 (http) with context path ''
2023-01-02 10:34:36.968  INFO 14644 --- [restartedMain] com.example.demoIsr.DemoIsrApplication   : Started DemoIsrApplication in 0.738 seconds (JVM running for 5443.159)
2023-01-02 10:34:36.972  INFO 14644 --- [restartedMain] .ConditionEvaluationDeltaLoggingListener : Condition evaluation unchanged
2023-01-02 10:34:39.339  INFO 14644 --- [File Watcher] rtingClassPathChangeChangedEventListener : Restarting due to 1 class path change (0 additions, 0 deletions, 1 modification)
2023-01-02 10:34:39.344  INFO 14644 --- [Thread-7] o.apache.catalina.core.StandardService   : Stopping service [Tomcat]
2023-01-02 10:34:39.347  INFO 14644 --- [Thread-7] j.LocalContainerEntityManagerFactoryBean : Closing JPA EntityManagerFactory for persistence unit 'default'
2023-01-02 10:34:39.348  INFO 14644 --- [Thread-7] com.zaxxer.hikari.HikariDataSource       : HikariPool-2 - Shutdown initiated...
2023-01-02 10:34:39.351  INFO 14644 --- [Thread-7] com.zaxxer.hikari.HikariDataSource       : HikariPool-2 - Shutdown completed.
2023-01-02 10:34:39.395  INFO 14644 --- [restartedMain] o.s.nativex.NativeListener               : AOT mode disabled
2023-01-02 10:34:39.399  INFO 14644 --- [restartedMain] com.example.demoIsr.DemoIsrApplication   : Starting DemoIsrApplication using Java 17.0.5 on RYZEN5600G-1 with PID 14644 (C:\Users\Propietario\Desktop\demoIsr\target\classes started by Propietario in C:\Users\Propietario\Desktop\demoIsr)
2023-01-02 10:34:39.400  INFO 14644 --- [restartedMain] com.example.demoIsr.DemoIsrApplication   : No active profile set, falling back to 1 default profile: "default"
2023-01-02 10:34:39.540  INFO 14644 --- [restartedMain] .s.d.r.c.RepositoryConfigurationDelegate : Bootstrapping Spring Data JPA repositories in DEFAULT mode.
2023-01-02 10:34:39.547  INFO 14644 --- [restartedMain] .s.d.r.c.RepositoryConfigurationDelegate : Finished Spring Data repository scanning in 6 ms. Found 1 JPA repository interfaces.
2023-01-02 10:34:39.597  INFO 14644 --- [restartedMain] o.s.b.w.embedded.tomcat.TomcatWebServer  : Tomcat initialized with port(s): 8081 (http)
2023-01-02 10:34:39.599  INFO 14644 --- [restartedMain] o.apache.catalina.core.StandardService   : Starting service [Tomcat]
2023-01-02 10:34:39.599  INFO 14644 --- [restartedMain] org.apache.catalina.core.StandardEngine  : Starting Servlet engine: [Apache Tomcat/9.0.70]
2023-01-02 10:34:39.614  INFO 14644 --- [restartedMain] o.a.c.c.C.[Tomcat].[localhost].[/]       : Initializing Spring embedded WebApplicationContext
2023-01-02 10:34:39.615  INFO 14644 --- [restartedMain] w.s.c.ServletWebServerApplicationContext : Root WebApplicationContext: initialization completed in 214 ms
2023-01-02 10:34:39.649  INFO 14644 --- [restartedMain] o.hibernate.jpa.internal.util.LogHelper  : HHH000204: Processing PersistenceUnitInfo [name: default]
2023-01-02 10:34:39.653  INFO 14644 --- [restartedMain] com.zaxxer.hikari.HikariDataSource       : HikariPool-3 - Starting...
2023-01-02 10:34:39.661  INFO 14644 --- [restartedMain] com.zaxxer.hikari.HikariDataSource       : HikariPool-3 - Start completed.
2023-01-02 10:34:39.661  INFO 14644 --- [restartedMain] org.hibernate.dialect.Dialect            : HHH000400: Using dialect: org.hibernate.dialect.MySQL8Dialect
2023-01-02 10:34:39.699  INFO 14644 --- [restartedMain] o.h.e.t.j.p.i.JtaPlatformInitiator       : HHH000490: Using JtaPlatform implementation: [org.hibernate.engine.transaction.jta.platform.internal.NoJtaPlatform]
2023-01-02 10:34:39.700  INFO 14644 --- [restartedMain] j.LocalContainerEntityManagerFactoryBean : Initialized JPA EntityManagerFactory for persistence unit 'default'
2023-01-02 10:34:39.769  WARN 14644 --- [restartedMain] JpaBaseConfiguration$JpaWebConfiguration : spring.jpa.open-in-view is enabled by default. Therefore, database queries may be performed during view rendering. Explicitly configure spring.jpa.open-in-view to disable this warning
2023-01-02 10:34:39.832  INFO 14644 --- [restartedMain] o.s.b.d.a.OptionalLiveReloadServer       : LiveReload server is running on port 35729
2023-01-02 10:34:39.834  INFO 14644 --- [restartedMain] o.s.b.a.e.web.EndpointLinksResolver      : Exposing 1 endpoint(s) beneath base path '/actuator'
2023-01-02 10:34:39.843  INFO 14644 --- [restartedMain] o.s.b.w.embedded.tomcat.TomcatWebServer  : Tomcat started on port(s): 8081 (http) with context path ''
2023-01-02 10:34:39.848  INFO 14644 --- [restartedMain] com.example.demoIsr.DemoIsrApplication   : Started DemoIsrApplication in 0.467 seconds (JVM running for 5446.04)
2023-01-02 10:34:39.850  INFO 14644 --- [restartedMain] .ConditionEvaluationDeltaLoggingListener : Condition evaluation unchanged
2023-01-02 10:47:33.695  INFO 14644 --- [http-nio-8081-exec-1] o.a.c.c.C.[Tomcat].[localhost].[/]       : Initializing Spring DispatcherServlet 'dispatcherServlet'
2023-01-02 10:47:33.695  INFO 14644 --- [http-nio-8081-exec-1] o.s.web.servlet.DispatcherServlet        : Initializing Servlet 'dispatcherServlet'
2023-01-02 10:47:33.695  INFO 14644 --- [http-nio-8081-exec-1] o.s.web.servlet.DispatcherServlet        : Completed initialization in 0 ms
2023-01-02 13:20:18.780  INFO 7580 --- [restartedMain] o.s.nativex.NativeListener               : AOT mode disabled
2023-01-02 13:20:18.845  INFO 7580 --- [restartedMain] com.example.demoIsr.DemoIsrApplication   : Starting DemoIsrApplication using Java 17.0.5 on RYZEN5600G-1 with PID 7580 (C:\Users\Propietario\Desktop\demoIsr\target\classes started by Propietario in C:\Users\Propietario\Desktop\demoIsr)
2023-01-02 13:20:18.846  INFO 7580 --- [restartedMain] com.example.demoIsr.DemoIsrApplication   : No active profile set, falling back to 1 default profile: "default"
2023-01-02 13:20:18.894  INFO 7580 --- [restartedMain] .e.DevToolsPropertyDefaultsPostProcessor : Devtools property defaults active! Set 'spring.devtools.add-properties' to 'false' to disable
2023-01-02 13:20:18.894  INFO 7580 --- [restartedMain] .e.DevToolsPropertyDefaultsPostProcessor : For additional web related logging consider setting the 'logging.level.web' property to 'DEBUG'
2023-01-02 13:20:19.528  INFO 7580 --- [restartedMain] .s.d.r.c.RepositoryConfigurationDelegate : Bootstrapping Spring Data JPA repositories in DEFAULT mode.
2023-01-02 13:20:19.662  INFO 7580 --- [restartedMain] .s.d.r.c.RepositoryConfigurationDelegate : Finished Spring Data repository scanning in 121 ms. Found 1 JPA repository interfaces.
2023-01-02 13:20:20.334  INFO 7580 --- [restartedMain] o.s.b.w.embedded.tomcat.TomcatWebServer  : Tomcat initialized with port(s): 8081 (http)
2023-01-02 13:20:20.349  INFO 7580 --- [restartedMain] o.apache.catalina.core.StandardService   : Starting service [Tomcat]
2023-01-02 13:20:20.350  INFO 7580 --- [restartedMain] org.apache.catalina.core.StandardEngine  : Starting Servlet engine: [Apache Tomcat/9.0.70]
2023-01-02 13:20:20.419  INFO 7580 --- [restartedMain] o.a.c.c.C.[Tomcat].[localhost].[/]       : Initializing Spring embedded WebApplicationContext
2023-01-02 13:20:20.419  INFO 7580 --- [restartedMain] w.s.c.ServletWebServerApplicationContext : Root WebApplicationContext: initialization completed in 1524 ms
2023-01-02 13:20:20.689  INFO 7580 --- [restartedMain] o.hibernate.jpa.internal.util.LogHelper  : HHH000204: Processing PersistenceUnitInfo [name: default]
2023-01-02 13:20:20.747  INFO 7580 --- [restartedMain] org.hibernate.Version                    : HHH000412: Hibernate ORM core version 5.6.14.Final
2023-01-02 13:20:20.884  INFO 7580 --- [restartedMain] o.hibernate.annotations.common.Version   : HCANN000001: Hibernate Commons Annotations {5.1.2.Final}
2023-01-02 13:20:20.972  INFO 7580 --- [restartedMain] com.zaxxer.hikari.HikariDataSource       : HikariPool-1 - Starting...
2023-01-02 13:20:21.217  INFO 7580 --- [restartedMain] com.zaxxer.hikari.HikariDataSource       : HikariPool-1 - Start completed.
2023-01-02 13:20:21.241  INFO 7580 --- [restartedMain] org.hibernate.dialect.Dialect            : HHH000400: Using dialect: org.hibernate.dialect.MySQL8Dialect
2023-01-02 13:20:21.700  INFO 7580 --- [restartedMain] o.h.e.t.j.p.i.JtaPlatformInitiator       : HHH000490: Using JtaPlatform implementation: [org.hibernate.engine.transaction.jta.platform.internal.NoJtaPlatform]
2023-01-02 13:20:21.709  INFO 7580 --- [restartedMain] j.LocalContainerEntityManagerFactoryBean : Initialized JPA EntityManagerFactory for persistence unit 'default'
2023-01-02 13:20:22.082  WARN 7580 --- [restartedMain] JpaBaseConfiguration$JpaWebConfiguration : spring.jpa.open-in-view is enabled by default. Therefore, database queries may be performed during view rendering. Explicitly configure spring.jpa.open-in-view to disable this warning
2023-01-02 13:20:22.443  INFO 7580 --- [restartedMain] o.s.b.d.a.OptionalLiveReloadServer       : LiveReload server is running on port 35729
2023-01-02 13:20:22.448  INFO 7580 --- [restartedMain] o.s.b.a.e.web.EndpointLinksResolver      : Exposing 1 endpoint(s) beneath base path '/actuator'
2023-01-02 13:20:22.491  INFO 7580 --- [restartedMain] o.s.b.w.embedded.tomcat.TomcatWebServer  : Tomcat started on port(s): 8081 (http) with context path ''
2023-01-02 13:20:22.503  INFO 7580 --- [restartedMain] com.example.demoIsr.DemoIsrApplication   : Started DemoIsrApplication in 3.988 seconds (JVM running for 4.468)
2023-01-02 13:21:09.575  INFO 7580 --- [File Watcher] rtingClassPathChangeChangedEventListener : Restarting due to 1 class path change (0 additions, 0 deletions, 1 modification)
2023-01-02 13:21:09.582  INFO 7580 --- [Thread-5] o.apache.catalina.core.StandardService   : Stopping service [Tomcat]
2023-01-02 13:21:09.597  INFO 7580 --- [Thread-5] j.LocalContainerEntityManagerFactoryBean : Closing JPA EntityManagerFactory for persistence unit 'default'
2023-01-02 13:21:09.600  INFO 7580 --- [Thread-5] com.zaxxer.hikari.HikariDataSource       : HikariPool-1 - Shutdown initiated...
2023-01-02 13:21:09.605  INFO 7580 --- [Thread-5] com.zaxxer.hikari.HikariDataSource       : HikariPool-1 - Shutdown completed.
2023-01-02 13:21:09.655  INFO 7580 --- [restartedMain] o.s.nativex.NativeListener               : AOT mode disabled
2023-01-02 13:21:09.660  INFO 7580 --- [restartedMain] com.example.demoIsr.DemoIsrApplication   : Starting DemoIsrApplication using Java 17.0.5 on RYZEN5600G-1 with PID 7580 (C:\Users\Propietario\Desktop\demoIsr\target\classes started by Propietario in C:\Users\Propietario\Desktop\demoIsr)
2023-01-02 13:21:09.660  INFO 7580 --- [restartedMain] com.example.demoIsr.DemoIsrApplication   : No active profile set, falling back to 1 default profile: "default"
2023-01-02 13:21:09.818  INFO 7580 --- [restartedMain] .s.d.r.c.RepositoryConfigurationDelegate : Bootstrapping Spring Data JPA repositories in DEFAULT mode.
2023-01-02 13:21:09.825  INFO 7580 --- [restartedMain] .s.d.r.c.RepositoryConfigurationDelegate : Finished Spring Data repository scanning in 6 ms. Found 1 JPA repository interfaces.
2023-01-02 13:21:09.888  INFO 7580 --- [restartedMain] o.s.b.w.embedded.tomcat.TomcatWebServer  : Tomcat initialized with port(s): 8081 (http)
2023-01-02 13:21:09.889  INFO 7580 --- [restartedMain] o.apache.catalina.core.StandardService   : Starting service [Tomcat]
2023-01-02 13:21:09.890  INFO 7580 --- [restartedMain] org.apache.catalina.core.StandardEngine  : Starting Servlet engine: [Apache Tomcat/9.0.70]
2023-01-02 13:21:09.908  INFO 7580 --- [restartedMain] o.a.c.c.C.[Tomcat].[localhost].[/]       : Initializing Spring embedded WebApplicationContext
2023-01-02 13:21:09.908  INFO 7580 --- [restartedMain] w.s.c.ServletWebServerApplicationContext : Root WebApplicationContext: initialization completed in 246 ms
2023-01-02 13:21:09.968  INFO 7580 --- [restartedMain] com.zaxxer.hikari.HikariDataSource       : HikariPool-2 - Starting...
2023-01-02 13:21:09.981  INFO 7580 --- [restartedMain] com.zaxxer.hikari.HikariDataSource       : HikariPool-2 - Start completed.
2023-01-02 13:21:09.990  INFO 7580 --- [restartedMain] o.hibernate.jpa.internal.util.LogHelper  : HHH000204: Processing PersistenceUnitInfo [name: default]
2023-01-02 13:21:09.996  INFO 7580 --- [restartedMain] org.hibernate.dialect.Dialect            : HHH000400: Using dialect: org.hibernate.dialect.MySQL8Dialect
2023-01-02 13:21:10.024  INFO 7580 --- [restartedMain] o.h.e.t.j.p.i.JtaPlatformInitiator       : HHH000490: Using JtaPlatform implementation: [org.hibernate.engine.transaction.jta.platform.internal.NoJtaPlatform]
2023-01-02 13:21:10.025  INFO 7580 --- [restartedMain] j.LocalContainerEntityManagerFactoryBean : Initialized JPA EntityManagerFactory for persistence unit 'default'
2023-01-02 13:21:10.090  WARN 7580 --- [restartedMain] JpaBaseConfiguration$JpaWebConfiguration : spring.jpa.open-in-view is enabled by default. Therefore, database queries may be performed during view rendering. Explicitly configure spring.jpa.open-in-view to disable this warning
2023-01-02 13:21:10.177  INFO 7580 --- [restartedMain] o.s.b.d.a.OptionalLiveReloadServer       : LiveReload server is running on port 35729
2023-01-02 13:21:10.183  INFO 7580 --- [restartedMain] o.s.b.a.e.web.EndpointLinksResolver      : Exposing 1 endpoint(s) beneath base path '/actuator'
2023-01-02 13:21:10.199  INFO 7580 --- [restartedMain] o.s.b.w.embedded.tomcat.TomcatWebServer  : Tomcat started on port(s): 8081 (http) with context path ''
2023-01-02 13:21:10.206  INFO 7580 --- [restartedMain] com.example.demoIsr.DemoIsrApplication   : Started DemoIsrApplication in 0.57 seconds (JVM running for 52.171)
2023-01-02 13:21:10.212  INFO 7580 --- [restartedMain] .ConditionEvaluationDeltaLoggingListener : Condition evaluation unchanged
2023-01-02 13:21:55.294  INFO 7580 --- [http-nio-8081-exec-1] o.a.c.c.C.[Tomcat].[localhost].[/]       : Initializing Spring DispatcherServlet 'dispatcherServlet'
2023-01-02 13:21:55.294  INFO 7580 --- [http-nio-8081-exec-1] o.s.web.servlet.DispatcherServlet        : Initializing Servlet 'dispatcherServlet'
2023-01-02 13:21:55.294  INFO 7580 --- [http-nio-8081-exec-1] o.s.web.servlet.DispatcherServlet        : Completed initialization in 0 ms
